TN:
SF:find_digits/index.js
FN:5,find_digits
FNF:1
FNH:1
FNDA:2,find_digits
DA:1,1
DA:2,1
DA:3,1
DA:4,1
DA:5,1
DA:6,2
DA:7,2
DA:8,2
DA:9,2
DA:10,2
LF:10
LH:10
BRDA:5,0,0,2
BRDA:7,1,0,6
BRDA:7,2,0,5
BRDA:7,3,0,1
BRF:4
BRH:4
end_of_record
TN:
SF:jumping_on_the_Clouds_Revisited/index.js
FN:1,jumping_on_the_Clouds_Revisited
FNF:1
FNH:1
FNDA:1,jumping_on_the_Clouds_Revisited
DA:1,1
DA:2,1
DA:3,1
DA:4,1
DA:5,1
DA:6,1
DA:7,10
DA:8,10
DA:9,10
DA:10,10
DA:11,10
DA:12,10
DA:13,10
DA:14,10
DA:15,10
DA:16,1
DA:17,1
DA:18,1
DA:19,1
LF:19
LH:19
BRDA:1,0,0,1
BRDA:6,1,0,10
BRDA:10,2,0,3
BRDA:12,3,0,5
BRDA:12,4,0,5
BRDA:14,5,0,1
BRF:6
BRH:6
end_of_record
